2018-03-16 17:44:11,526 [myid:] - INFO  [main:QuorumPeerConfig@134] - Reading configuration from: /usr/local/share/zookeeper/bin/../conf/zoo.cfg
2018-03-16 17:44:11,532 [myid:] - INFO  [main:DatadirCleanupManager@78] - autopurge.snapRetainCount set to 3
2018-03-16 17:44:11,532 [myid:] - INFO  [main:DatadirCleanupManager@79] - autopurge.purgeInterval set to 0
2018-03-16 17:44:11,533 [myid:] - INFO  [main:DatadirCleanupManager@101] - Purge task is not scheduled.
2018-03-16 17:44:11,533 [myid:] - WARN  [main:QuorumPeerMain@113] - Either no config or no quorum defined in config, running  in standalone mode
2018-03-16 17:44:11,546 [myid:] - INFO  [main:QuorumPeerConfig@134] - Reading configuration from: /usr/local/share/zookeeper/bin/../conf/zoo.cfg
2018-03-16 17:44:11,547 [myid:] - INFO  [main:ZooKeeperServerMain@96] - Starting server
2018-03-16 17:44:11,560 [myid:] - INFO  [main:Environment@100] - Server environment:zookeeper.version=3.4.10-39d3a4f269333c922ed3db283be479f9deacaa0f, built on 03/23/2017 10:13 GMT
2018-03-16 17:44:11,560 [myid:] - INFO  [main:Environment@100] - Server environment:host.name=localhost
2018-03-16 17:44:11,560 [myid:] - INFO  [main:Environment@100] - Server environment:java.version=1.8.0_144
2018-03-16 17:44:11,560 [myid:] - INFO  [main:Environment@100] - Server environment:java.vendor=Oracle Corporation
2018-03-16 17:44:11,560 [myid:] - INFO  [main:Environment@100] - Server environment:java.home=/usr/local/share/jdk1.8.0_144/jre
2018-03-16 17:44:11,560 [myid:] - INFO  [main:Environment@100] - Server environment:java.class.path=/usr/local/share/zookeeper/bin/../build/classes:/usr/local/share/zookeeper/bin/../build/lib/*.jar:/usr/local/share/zookeeper/bin/../lib/slf4j-log4j12-1.6.1.jar:/usr/local/share/zookeeper/bin/../lib/slf4j-api-1.6.1.jar:/usr/local/share/zookeeper/bin/../lib/netty-3.10.5.Final.jar:/usr/local/share/zookeeper/bin/../lib/log4j-1.2.16.jar:/usr/local/share/zookeeper/bin/../lib/jline-0.9.94.jar:/usr/local/share/zookeeper/bin/../zookeeper-3.4.10.jar:/usr/local/share/zookeeper/bin/../src/java/lib/*.jar:/usr/local/share/zookeeper/bin/../conf:.:/usr/local/share/java/lib/dt.jar:/usr/local/share/java/lib/tools.jar
2018-03-16 17:44:11,560 [myid:] - INFO  [main:Environment@100] - Server environment:java.library.path=/usr/java/packages/lib/amd64:/usr/lib64:/lib64:/lib:/usr/lib
2018-03-16 17:44:11,560 [myid:] - INFO  [main:Environment@100] - Server environment:java.io.tmpdir=/tmp
2018-03-16 17:44:11,560 [myid:] - INFO  [main:Environment@100] - Server environment:java.compiler=<NA>
2018-03-16 17:44:11,561 [myid:] - INFO  [main:Environment@100] - Server environment:os.name=Linux
2018-03-16 17:44:11,562 [myid:] - INFO  [main:Environment@100] - Server environment:os.arch=amd64
2018-03-16 17:44:11,562 [myid:] - INFO  [main:Environment@100] - Server environment:os.version=4.9.0-deepin12-amd64
2018-03-16 17:44:11,562 [myid:] - INFO  [main:Environment@100] - Server environment:user.name=saligia
2018-03-16 17:44:11,562 [myid:] - INFO  [main:Environment@100] - Server environment:user.home=/home/saligia
2018-03-16 17:44:11,562 [myid:] - INFO  [main:Environment@100] - Server environment:user.dir=/home/saligia/github/notepad
2018-03-16 17:44:11,571 [myid:] - INFO  [main:ZooKeeperServer@829] - tickTime set to 2000
2018-03-16 17:44:11,571 [myid:] - INFO  [main:ZooKeeperServer@838] - minSessionTimeout set to -1
2018-03-16 17:44:11,571 [myid:] - INFO  [main:ZooKeeperServer@847] - maxSessionTimeout set to -1
2018-03-16 17:44:11,591 [myid:] - INFO  [main:NIOServerCnxnFactory@89] - binding to port 0.0.0.0/0.0.0.0:2181
